<?xml version="1.0" encoding="UTF-8"?>
<!-- Generated by org.testng.reporters.JUnitReportReporter -->
<testsuite hostname="DESKTOP-6B1HUAL" failures="0" tests="1" name="com.seleniumProject.TestCases.EcommerceHomePageTest" time="75.684" errors="0" timestamp="2023-11-23T20:44:40 IST" skipped="0">
  <testcase classname="com.seleniumProject.TestCases.EcommerceHomePageTest" name="searching" time="75.684"/>
  <system-out/>
</testsuite> <!-- com.seleniumProject.TestCases.EcommerceHomePageTest -->
