<?xml version="1.0" encoding="UTF-8"?>
<!-- Generated by org.testng.reporters.JUnitReportReporter -->
<testsuite hostname="DESKTOP-6B1HUAL" failures="0" tests="1" name="com.seleniumProject.TestCases.OrangeHrmAdminPageTest" time="45.064" errors="0" timestamp="2023-12-10T20:19:33 IST" skipped="0">
  <testcase classname="com.seleniumProject.TestCases.OrangeHrmAdminPageTest" name="admin" time="45.064"/>
  <system-out/>
</testsuite> <!-- com.seleniumProject.TestCases.OrangeHrmAdminPageTest -->
