<?xml version="1.0" encoding="UTF-8"?>
<!-- Generated by org.testng.reporters.JUnitReportReporter -->
<testsuite hostname="DESKTOP-6B1HUAL" failures="0" tests="1" name="com.seleniumProject.TestCases.OrangeHRMLoginTest" time="44.696" errors="0" timestamp="2024-01-31T16:00:54 IST" skipped="0">
  <testcase classname="com.seleniumProject.TestCases.OrangeHRMLoginTest" name="verifyLoginOrangehrm" time="44.696"/>
</testsuite> <!-- com.seleniumProject.TestCases.OrangeHRMLoginTest -->
