<?xml version="1.0" encoding="UTF-8"?>
<!-- Generated by org.testng.reporters.JUnitReportReporter -->
<testsuite hostname="DESKTOP-6B1HUAL" failures="0" tests="1" name="com.seleniumProject.pages.OrangeHRMBase" time="13.363" errors="0" timestamp="2023-10-14T17:50:31 IST" skipped="0">
  <testcase classname="com.seleniumProject.pages.OrangeHRMBase" name="intializeBrowser" time="13.363"/>
  <system-out/>
</testsuite> <!-- com.seleniumProject.pages.OrangeHRMBase -->
