<?xml version="1.0" encoding="UTF-8"?>
<!-- Generated by org.testng.reporters.JUnitReportReporter -->
<testsuite hostname="DESKTOP-6B1HUAL" failures="0" tests="1" name="com.seleniumProject.TestCases.AutomationExercisesSignupPageTest" time="25.206" errors="0" timestamp="2024-03-08T17:59:52 IST" skipped="0">
  <testcase classname="com.seleniumProject.TestCases.AutomationExercisesSignupPageTest" name="TestSignupProcess" time="25.206"/>
</testsuite> <!-- com.seleniumProject.TestCases.AutomationExercisesSignupPageTest -->
